Using pre-set license
Built from '2020.2/release' branch; Version is '2020.2.1f1 (270dd8c3da1c) revision 2559448'; Using compiler version '192528614'; Build Type 'Release'
OS: 'Windows 10  (10.0.0) 64bit' Language: 'en' Physical Memory: 16344 MB
BatchMode: 1, IsHumanControllingUs: 0, StartBugReporterOnCrash: 0, Is64bit: 1, IsPro: 0

 COMMAND LINE ARGUMENTS:
C:\Program Files\Unity\Hub\Editor\2020.2.1f1\Editor\Unity.exe
-adb2
-batchMode
-noUpm
-name
AssetImportWorker0
-projectPath
C:/Users/vassilis/vFTC-Field
-logFile
Logs/AssetImportWorker0.log
-srvPort
51986
Successfully changed project path to: C:/Users/vassilis/vFTC-Field
C:/Users/vassilis/vFTC-Field
Using Asset Import Pipeline V2.
Refreshing native plugins compatible for Editor in 64.53 ms, found 1 plugins.
Preloading 1 native plugins for Editor in 2.57 ms.
Initialize engine version: 2020.2.1f1 (270dd8c3da1c)
[Subsystems] Discovering subsystems at path C:/Program Files/Unity/Hub/Editor/2020.2.1f1/Editor/Data/Resources/UnitySubsystems
[Subsystems] Discovering subsystems at path C:/Users/vassilis/vFTC-Field/Assets
GfxDevice: creating device client; threaded=0
Direct3D:
    Version:  Direct3D 11.0 [level 11.1]
    Renderer: NVIDIA GeForce GTX 1080 (ID=0x1b80)
    Vendor:   
    VRAM:     8079 MB
    Driver:   26.21.14.4166
Initialize mono
Mono path[0] = 'C:/Program Files/Unity/Hub/Editor/2020.2.1f1/Editor/Data/Managed'
Mono path[1] = 'C:/Program Files/Unity/Hub/Editor/2020.2.1f1/Editor/Data/MonoBleedingEdge/lib/mono/unityjit'
Mono config path = 'C:/Program Files/Unity/Hub/Editor/2020.2.1f1/Editor/Data/MonoBleedingEdge/etc'
Using monoOptions --debugger-agent=transport=dt_socket,embedding=1,server=y,suspend=n,address=127.0.0.1:56536
Begin MonoManager ReloadAssembly
Registering precompiled unity dll's ...
Register platform support module: C:/Program Files/Unity/Hub/Editor/2020.2.1f1/Editor/Data/PlaybackEngines/WindowsStandaloneSupport/UnityEditor.WindowsStandalone.Extensions.dll
Registered in 0.001449 seconds.
Native extension for WindowsStandalone target not found
Refreshing native plugins compatible for Editor in 85.79 ms, found 1 plugins.
Preloading 1 native plugins for Editor in 0.06 ms.
Invoked RoslynAnalysisRunner static constructor.
RoslynAnalysisRunner will not be running.
RoslynAnalysisRunner has terminated.
Mono: successfully reloaded assembly
- Completed reload, in  0.839 seconds
Platform modules already initialized, skipping
Registering precompiled user dll's ...
Registered in 0.001836 seconds.
Begin MonoManager ReloadAssembly
Native extension for WindowsStandalone target not found
Refreshing native plugins compatible for Editor in 68.08 ms, found 1 plugins.
Preloading 1 native plugins for Editor in 0.06 ms.
Invoked RoslynAnalysisRunner static constructor.
RoslynAnalysisRunner will not be running.
RoslynAnalysisRunner has terminated.
Mono: successfully reloaded assembly
- Completed reload, in  1.070 seconds
Platform modules already initialized, skipping
========================================================================
Worker process is ready to serve import requests
Launched and connected shader compiler UnityShaderCompiler.exe after 0.03 seconds
Refreshing native plugins compatible for Editor in 0.52 ms, found 1 plugins.
Preloading 1 native plugins for Editor in 0.06 ms.
Unloading 3695 Unused Serialized files (Serialized files now loaded: 0)
System memory in use before: 195.8 MB.
System memory in use after: 196.0 MB.

Unloading 18 unused Assets to reduce memory usage. Loaded Objects now: 4157.
Total: 2.205200 ms (FindLiveObjects: 0.285600 ms CreateObjectMapping: 0.144600 ms MarkObjects: 1.720700 ms  DeleteObjects: 0.053300 ms)

========================================================================
Received Import Request.
  path: Assets/Scripts/FTC/UserManager.cs
  artifactKey: Guid(219691a4f63ba6243941f447567a17cb) Importer(815301076,1909f56bfc062723c751e8b465ee728b)
Start importing Assets/Scripts/FTC/UserManager.cs using Guid(219691a4f63ba6243941f447567a17cb) Importer(815301076,1909f56bfc062723c751e8b465ee728b)  -> (artifact id: '209d5e1f1f1a2c05d5b1fd338dd95adb') in 0.048093 seconds
  Import took 0.052624 seconds .

========================================================================
Received Import Request.
  Time since last request: 4.268713 seconds.
  path: Assets/Scripts/FTC/UserManager.cs
  artifactKey: Guid(219691a4f63ba6243941f447567a17cb) Importer(815301076,1909f56bfc062723c751e8b465ee728b)
Start importing Assets/Scripts/FTC/UserManager.cs using Guid(219691a4f63ba6243941f447567a17cb) Importer(815301076,1909f56bfc062723c751e8b465ee728b)  -> (artifact id: 'f50b25ba5da43af68cc32121fba89cca') in 0.003089 seconds
  Import took 0.010010 seconds .

========================================================================
Received Import Request.
  Time since last request: 10.219511 seconds.
  path: Assets/Scripts/FTC/UserManager.cs
  artifactKey: Guid(219691a4f63ba6243941f447567a17cb) Importer(815301076,1909f56bfc062723c751e8b465ee728b)
Start importing Assets/Scripts/FTC/UserManager.cs using Guid(219691a4f63ba6243941f447567a17cb) Importer(815301076,1909f56bfc062723c751e8b465ee728b)  -> (artifact id: 'bb0d83a3db54fb82f968bc9a4b36745b') in 0.002498 seconds
  Import took 0.007836 seconds .

========================================================================
Received Prepare
Registering precompiled user dll's ...
Registered in 0.002169 seconds.
Begin MonoManager ReloadAssembly
Native extension for WindowsStandalone target not found
Refreshing native plugins compatible for Editor in 0.56 ms, found 1 plugins.
Preloading 1 native plugins for Editor in 0.07 ms.
Invoked RoslynAnalysisRunner static constructor.
RoslynAnalysisRunner will not be running.
RoslynAnalysisRunner has terminated.
Mono: successfully reloaded assembly
- Completed reload, in  0.922 seconds
Platform modules already initialized, skipping
Refreshing native plugins compatible for Editor in 0.51 ms, found 1 plugins.
Preloading 1 native plugins for Editor in 0.06 ms.
Unloading 3413 Unused Serialized files (Serialized files now loaded: 0)
System memory in use before: 183.7 MB.
System memory in use after: 183.9 MB.

Unloading 12 unused Assets to reduce memory usage. Loaded Objects now: 4159.
Total: 2.493800 ms (FindLiveObjects: 0.271400 ms CreateObjectMapping: 0.149700 ms MarkObjects: 2.010700 ms  DeleteObjects: 0.061100 ms)

========================================================================
Received Prepare
Registering precompiled user dll's ...
Registered in 0.001779 seconds.
Begin MonoManager ReloadAssembly
Native extension for WindowsStandalone target not found
Refreshing native plugins compatible for Editor in 0.53 ms, found 1 plugins.
Preloading 1 native plugins for Editor in 0.09 ms.
Invoked RoslynAnalysisRunner static constructor.
RoslynAnalysisRunner will not be running.
RoslynAnalysisRunner has terminated.
Mono: successfully reloaded assembly
- Completed reload, in  0.886 seconds
Platform modules already initialized, skipping
Refreshing native plugins compatible for Editor in 0.52 ms, found 1 plugins.
Preloading 1 native plugins for Editor in 0.06 ms.
Unloading 3413 Unused Serialized files (Serialized files now loaded: 0)
System memory in use before: 183.8 MB.
System memory in use after: 184.0 MB.

Unloading 12 unused Assets to reduce memory usage. Loaded Objects now: 4161.
Total: 2.793100 ms (FindLiveObjects: 0.431700 ms CreateObjectMapping: 0.212700 ms MarkObjects: 2.096600 ms  DeleteObjects: 0.051400 ms)

========================================================================
Received Prepare
Registering precompiled user dll's ...
Registered in 0.005941 seconds.
Begin MonoManager ReloadAssembly
Native extension for WindowsStandalone target not found
Refreshing native plugins compatible for Editor in 0.76 ms, found 1 plugins.
Preloading 1 native plugins for Editor in 0.10 ms.
Invoked RoslynAnalysisRunner static constructor.
RoslynAnalysisRunner will not be running.
RoslynAnalysisRunner has terminated.
Mono: successfully reloaded assembly
- Completed reload, in  1.301 seconds
Platform modules already initialized, skipping
Refreshing native plugins compatible for Editor in 0.53 ms, found 1 plugins.
Preloading 1 native plugins for Editor in 0.07 ms.
Unloading 3413 Unused Serialized files (Serialized files now loaded: 0)
System memory in use before: 183.8 MB.
System memory in use after: 184.0 MB.

Unloading 12 unused Assets to reduce memory usage. Loaded Objects now: 4163.
Total: 2.147100 ms (FindLiveObjects: 0.277100 ms CreateObjectMapping: 0.146900 ms MarkObjects: 1.680900 ms  DeleteObjects: 0.041200 ms)

========================================================================
Received Prepare
Registering precompiled user dll's ...
Registered in 0.002697 seconds.
Begin MonoManager ReloadAssembly
Native extension for WindowsStandalone target not found
Refreshing native plugins compatible for Editor in 1.04 ms, found 1 plugins.
Preloading 1 native plugins for Editor in 0.11 ms.
Invoked RoslynAnalysisRunner static constructor.
RoslynAnalysisRunner will not be running.
RoslynAnalysisRunner has terminated.
Mono: successfully reloaded assembly
- Completed reload, in  1.274 seconds
Platform modules already initialized, skipping
Refreshing native plugins compatible for Editor in 0.65 ms, found 1 plugins.
Preloading 1 native plugins for Editor in 0.14 ms.
Unloading 3413 Unused Serialized files (Serialized files now loaded: 0)
System memory in use before: 183.9 MB.
System memory in use after: 184.1 MB.

Unloading 12 unused Assets to reduce memory usage. Loaded Objects now: 4165.
Total: 3.738500 ms (FindLiveObjects: 0.708700 ms CreateObjectMapping: 0.312900 ms MarkObjects: 2.671500 ms  DeleteObjects: 0.043700 ms)

========================================================================
Received Import Request.
  Time since last request: 761.286636 seconds.
  path: Assets/CAD/Prefabs/RobotType-1.prefab
  artifactKey: Guid(c65af51a1610fef4f84659ad67a36609) Importer(815301076,1909f56bfc062723c751e8b465ee728b)
Start importing Assets/CAD/Prefabs/RobotType-1.prefab using Guid(c65af51a1610fef4f84659ad67a36609) Importer(815301076,1909f56bfc062723c751e8b465ee728b)  -> (artifact id: 'bb5a204128f67baaf14e78fa4a493a81') in 0.570111 seconds
  Import took 0.579722 seconds .

========================================================================
Received Import Request.
  Time since last request: 17.829281 seconds.
  path: Assets/CAD/Prefabs/RobotType-1.prefab
  artifactKey: Guid(c65af51a1610fef4f84659ad67a36609) Importer(815301076,1909f56bfc062723c751e8b465ee728b)
Start importing Assets/CAD/Prefabs/RobotType-1.prefab using Guid(c65af51a1610fef4f84659ad67a36609) Importer(815301076,1909f56bfc062723c751e8b465ee728b)  -> (artifact id: '1465006a23032a6704ab72960928ea31') in 0.033658 seconds
  Import took 0.041570 seconds .

========================================================================
Received Prepare
Registering precompiled user dll's ...
Registered in 0.001796 seconds.
Begin MonoManager ReloadAssembly
Native extension for WindowsStandalone target not found
Refreshing native plugins compatible for Editor in 0.70 ms, found 1 plugins.
Preloading 1 native plugins for Editor in 0.10 ms.
Invoked RoslynAnalysisRunner static constructor.
RoslynAnalysisRunner will not be running.
RoslynAnalysisRunner has terminated.
Mono: successfully reloaded assembly
- Completed reload, in  1.031 seconds
Platform modules already initialized, skipping
Refreshing native plugins compatible for Editor in 0.53 ms, found 1 plugins.
Preloading 1 native plugins for Editor in 0.06 ms.
Unloading 3426 Unused Serialized files (Serialized files now loaded: 0)
System memory in use before: 194.8 MB.
System memory in use after: 195.0 MB.

Unloading 12 unused Assets to reduce memory usage. Loaded Objects now: 4306.
Total: 2.408500 ms (FindLiveObjects: 0.322900 ms CreateObjectMapping: 0.170700 ms MarkObjects: 1.873400 ms  DeleteObjects: 0.040500 ms)

========================================================================
Received Prepare
Registering precompiled user dll's ...
Registered in 0.002308 seconds.
Begin MonoManager ReloadAssembly
Native extension for WindowsStandalone target not found
Refreshing native plugins compatible for Editor in 0.54 ms, found 1 plugins.
Preloading 1 native plugins for Editor in 0.08 ms.
Invoked RoslynAnalysisRunner static constructor.
RoslynAnalysisRunner will not be running.
RoslynAnalysisRunner has terminated.
Mono: successfully reloaded assembly
- Completed reload, in  0.949 seconds
Platform modules already initialized, skipping
Refreshing native plugins compatible for Editor in 0.53 ms, found 1 plugins.
Preloading 1 native plugins for Editor in 0.06 ms.
Unloading 3413 Unused Serialized files (Serialized files now loaded: 0)
System memory in use before: 194.4 MB.
System memory in use after: 194.6 MB.

Unloading 12 unused Assets to reduce memory usage. Loaded Objects now: 4308.
Total: 2.423100 ms (FindLiveObjects: 0.296700 ms CreateObjectMapping: 0.157500 ms MarkObjects: 1.927300 ms  DeleteObjects: 0.040400 ms)

========================================================================
Received Prepare
Registering precompiled user dll's ...
Registered in 0.002534 seconds.
Begin MonoManager ReloadAssembly
Native extension for WindowsStandalone target not found
Refreshing native plugins compatible for Editor in 1.22 ms, found 1 plugins.
Preloading 1 native plugins for Editor in 0.21 ms.
Invoked RoslynAnalysisRunner static constructor.
RoslynAnalysisRunner will not be running.
RoslynAnalysisRunner has terminated.
Mono: successfully reloaded assembly
- Completed reload, in  1.206 seconds
Platform modules already initialized, skipping
Refreshing native plugins compatible for Editor in 0.55 ms, found 1 plugins.
Preloading 1 native plugins for Editor in 0.06 ms.
Unloading 3413 Unused Serialized files (Serialized files now loaded: 0)
System memory in use before: 194.4 MB.
System memory in use after: 194.6 MB.

Unloading 12 unused Assets to reduce memory usage. Loaded Objects now: 4310.
Total: 3.471800 ms (FindLiveObjects: 0.608500 ms CreateObjectMapping: 0.390000 ms MarkObjects: 2.419000 ms  DeleteObjects: 0.052500 ms)

========================================================================
Received Import Request.
  Time since last request: 526.916388 seconds.
  path: Assets/CAD/Prefabs/RobotType-1.prefab
  artifactKey: Guid(c65af51a1610fef4f84659ad67a36609) Importer(815301076,1909f56bfc062723c751e8b465ee728b)
Start importing Assets/CAD/Prefabs/RobotType-1.prefab using Guid(c65af51a1610fef4f84659ad67a36609) Importer(815301076,1909f56bfc062723c751e8b465ee728b)  -> (artifact id: 'e4e702cf4da2899c2ff48c1e65b1b756') in 0.459037 seconds
  Import took 0.465485 seconds .

========================================================================
Received Import Request.
  Time since last request: 3.292559 seconds.
  path: Assets/CAD/Prefabs/RobotType-1.prefab
  artifactKey: Guid(c65af51a1610fef4f84659ad67a36609) Importer(815301076,1909f56bfc062723c751e8b465ee728b)
Start importing Assets/CAD/Prefabs/RobotType-1.prefab using Guid(c65af51a1610fef4f84659ad67a36609) Importer(815301076,1909f56bfc062723c751e8b465ee728b)  -> (artifact id: '511c8b21f5969ecd3a6e0fa2ef76c373') in 0.030685 seconds
  Import took 0.040491 seconds .

========================================================================
Received Prepare
Registering precompiled user dll's ...
Registered in 0.001784 seconds.
Begin MonoManager ReloadAssembly
Native extension for WindowsStandalone target not found
Refreshing native plugins compatible for Editor in 0.53 ms, found 1 plugins.
Preloading 1 native plugins for Editor in 0.07 ms.
Invoked RoslynAnalysisRunner static constructor.
RoslynAnalysisRunner will not be running.
RoslynAnalysisRunner has terminated.
Mono: successfully reloaded assembly
- Completed reload, in  0.981 seconds
Platform modules already initialized, skipping
Refreshing native plugins compatible for Editor in 0.55 ms, found 1 plugins.
Preloading 1 native plugins for Editor in 0.06 ms.
Unloading 3413 Unused Serialized files (Serialized files now loaded: 0)
System memory in use before: 194.9 MB.
System memory in use after: 195.1 MB.

Unloading 12 unused Assets to reduce memory usage. Loaded Objects now: 4414.
Total: 2.706500 ms (FindLiveObjects: 0.391200 ms CreateObjectMapping: 0.207200 ms MarkObjects: 2.061700 ms  DeleteObjects: 0.045600 ms)

========================================================================
Received Prepare
Registering precompiled user dll's ...
Registered in 0.001797 seconds.
Begin MonoManager ReloadAssembly
Native extension for WindowsStandalone target not found
Refreshing native plugins compatible for Editor in 0.53 ms, found 1 plugins.
Preloading 1 native plugins for Editor in 0.07 ms.
Invoked RoslynAnalysisRunner static constructor.
RoslynAnalysisRunner will not be running.
RoslynAnalysisRunner has terminated.
Mono: successfully reloaded assembly
- Completed reload, in  0.962 seconds
Platform modules already initialized, skipping
Refreshing native plugins compatible for Editor in 0.52 ms, found 1 plugins.
Preloading 1 native plugins for Editor in 0.06 ms.
Unloading 3413 Unused Serialized files (Serialized files now loaded: 0)
System memory in use before: 194.9 MB.
System memory in use after: 195.1 MB.

Unloading 12 unused Assets to reduce memory usage. Loaded Objects now: 4416.
Total: 2.569700 ms (FindLiveObjects: 0.305400 ms CreateObjectMapping: 0.153500 ms MarkObjects: 2.065100 ms  DeleteObjects: 0.044800 ms)

========================================================================
Received Prepare
Registering precompiled user dll's ...
Registered in 0.002231 seconds.
Begin MonoManager ReloadAssembly
Native extension for WindowsStandalone target not found
Refreshing native plugins compatible for Editor in 0.56 ms, found 1 plugins.
Preloading 1 native plugins for Editor in 0.07 ms.
Invoked RoslynAnalysisRunner static constructor.
RoslynAnalysisRunner will not be running.
RoslynAnalysisRunner has terminated.
Mono: successfully reloaded assembly
- Completed reload, in  1.018 seconds
Platform modules already initialized, skipping
Refreshing native plugins compatible for Editor in 0.53 ms, found 1 plugins.
Preloading 1 native plugins for Editor in 0.06 ms.
Unloading 3413 Unused Serialized files (Serialized files now loaded: 0)
System memory in use before: 194.9 MB.
System memory in use after: 195.1 MB.

Unloading 12 unused Assets to reduce memory usage. Loaded Objects now: 4418.
Total: 2.536700 ms (FindLiveObjects: 0.309800 ms CreateObjectMapping: 0.155700 ms MarkObjects: 2.027800 ms  DeleteObjects: 0.042500 ms)

